# JRE version: OpenJDK Runtime Environment Temurin-11.0.13+8 (11.0.13+8) (build 11.0.13+8)
# Java VM: OpenJDK 64-Bit Server VM Temurin-11.0.13+8 (11.0.13+8, mixed mode, tiered, compressed oops, g1 gc, windows-amd64)
Heap:
 garbage-first heap   total 204800K, used 134908K [0x0000000401000000, 0x0000000800000000)
  region size 4096K, 20 young (81920K), 0 survivors (0K)
 Metaspace       used 50620K, capacity 51331K, committed 51632K, reserved 1093632K
  class space    used 6316K, capacity 6587K, committed 6656K, reserved 1048576K
GC Heap History (20 events):
Event: 3.107 GC heap before
{Heap before GC invocations=8 (full 4):
 garbage-first heap   total 81920K, used 56865K [0x0000000401000000, 0x0000000800000000)
  region size 4096K, 7 young (28672K), 1 survivors (4096K)
 Metaspace       used 19312K, capacity 19777K, committed 19968K, reserved 1067008K
  class space    used 2346K, capacity 2519K, committed 2560K, reserved 1048576K
}
Event: 3.126 GC heap after
{Heap after GC invocations=9 (full 4):
 garbage-first heap   total 81920K, used 39387K [0x0000000401000000, 0x0000000800000000)
  region size 4096K, 1 young (4096K), 1 survivors (4096K)
 Metaspace       used 19312K, capacity 19777K, committed 19968K, reserved 1067008K
  class space    used 2346K, capacity 2519K, committed 2560K, reserved 1048576K
}
Event: 3.592 GC heap before
{Heap before GC invocations=9 (full 4):
 garbage-first heap   total 81920K, used 55771K [0x0000000401000000, 0x0000000800000000)
  region size 4096K, 5 young (20480K), 1 survivors (4096K)
 Metaspace       used 20710K, capacity 21170K, committed 21296K, reserved 1069056K
  class space    used 2463K, capacity 2620K, committed 2688K, reserved 1048576K
}
Event: 3.609 GC heap after
{Heap after GC invocations=10 (full 4):
 garbage-first heap   total 81920K, used 46589K [0x0000000401000000, 0x0000000800000000)
  region size 4096K, 1 young (4096K), 1 survivors (4096K)
 Metaspace       used 20710K, capacity 21170K, committed 21296K, reserved 1069056K
  class space    used 2463K, capacity 2620K, committed 2688K, reserved 1048576K
}
Event: 3.677 GC heap before
{Heap before GC invocations=11 (full 4):
 garbage-first heap   total 81920K, used 50685K [0x0000000401000000, 0x0000000800000000)
  region size 4096K, 3 young (12288K), 1 survivors (4096K)
 Metaspace       used 20711K, capacity 21170K, committed 21296K, reserved 1069056K
  class space    used 2463K, capacity 2620K, committed 2688K, reserved 1048576K
}
Event: 3.729 GC heap after
{Heap after GC invocations=12 (full 5):
 garbage-first heap   total 90112K, used 48830K [0x0000000401000000, 0x0000000800000000)
  region size 4096K, 0 young (0K), 0 survivors (0K)
 Metaspace       used 20711K, capacity 21170K, committed 21296K, reserved 1069056K
  class space    used 2463K, capacity 2620K, committed 2688K, reserved 1048576K
}
Event: 3.990 GC heap before
{Heap before GC invocations=12 (full 5):
 garbage-first heap   total 90112K, used 57022K [0x0000000401000000, 0x0000000800000000)
  region size 4096K, 3 young (12288K), 0 survivors (0K)
 Metaspace       used 23060K, capacity 23477K, committed 23600K, reserved 1071104K
  class space    used 2695K, capacity 2881K, committed 2944K, reserved 1048576K
}
Event: 3.998 GC heap after
{Heap after GC invocations=13 (full 5):
 garbage-first heap   total 90112K, used 54238K [0x0000000401000000, 0x0000000800000000)
  region size 4096K, 1 young (4096K), 1 survivors (4096K)
 Metaspace       used 23060K, capacity 23477K, committed 23600K, reserved 1071104K
  class space    used 2695K, capacity 2881K, committed 2944K, reserved 1048576K
}
Event: 4.046 GC heap before
{Heap before GC invocations=14 (full 5):
 garbage-first heap   total 90112K, used 54238K [0x0000000401000000, 0x0000000800000000)
  region size 4096K, 2 young (8192K), 1 survivors (4096K)
 Metaspace       used 23860K, capacity 24347K, committed 24496K, reserved 1071104K
  class space    used 2762K, capacity 2979K, committed 3072K, reserved 1048576K
}
Event: 4.102 GC heap after
{Heap after GC invocations=15 (full 6):
 garbage-first heap   total 98304K, used 53017K [0x0000000401000000, 0x0000000800000000)
  region size 4096K, 0 young (0K), 0 survivors (0K)
 Metaspace       used 23860K, capacity 24347K, committed 24496K, reserved 1071104K
  class space    used 2762K, capacity 2979K, committed 3072K, reserved 1048576K
}
Event: 4.148 GC heap before
{Heap before GC invocations=15 (full 6):
 garbage-first heap   total 98304K, used 53017K [0x0000000401000000, 0x0000000800000000)
  region size 4096K, 1 young (4096K), 0 survivors (0K)
 Metaspace       used 24424K, capacity 24955K, committed 25136K, reserved 1071104K
  class space    used 2872K, capacity 3075K, committed 3200K, reserved 1048576K
}
Event: 4.203 GC heap after
{Heap after GC invocations=16 (full 7):
 garbage-first heap   total 98304K, used 53148K [0x0000000401000000, 0x0000000800000000)
  region size 4096K, 0 young (0K), 0 survivors (0K)
 Metaspace       used 24424K, capacity 24955K, committed 25136K, reserved 1071104K
  class space    used 2872K, capacity 3075K, committed 3200K, reserved 1048576K
}
Event: 4.414 GC heap before
{Heap before GC invocations=16 (full 7):
 garbage-first heap   total 98304K, used 65436K [0x0000000401000000, 0x0000000800000000)
  region size 4096K, 3 young (12288K), 0 survivors (0K)
 Metaspace       used 27071K, capacity 27596K, committed 27696K, reserved 1073152K
  class space    used 3152K, capacity 3358K, committed 3456K, reserved 1048576K
}
Event: 4.418 GC heap after
{Heap after GC invocations=17 (full 7):
 garbage-first heap   total 573440K, used 53959K [0x0000000401000000, 0x0000000800000000)
  region size 4096K, 1 young (4096K), 1 survivors (4096K)
 Metaspace       used 27071K, capacity 27596K, committed 27696K, reserved 1073152K
  class space    used 3152K, capacity 3358K, committed 3456K, reserved 1048576K
}
Event: 4.477 GC heap before
{Heap before GC invocations=18 (full 7):
 garbage-first heap   total 573440K, used 53959K [0x0000000401000000, 0x0000000800000000)
  region size 4096K, 2 young (8192K), 1 survivors (4096K)
 Metaspace       used 27396K, capacity 27884K, committed 28080K, reserved 1073152K
  class space    used 3316K, capacity 3518K, committed 3584K, reserved 1048576K
}
Event: 4.496 GC heap after
{Heap after GC invocations=19 (full 8):
 garbage-first heap   total 204800K, used 53662K [0x0000000401000000, 0x0000000800000000)
  region size 4096K, 0 young (0K), 0 survivors (0K)
 Metaspace       used 27396K, capacity 27884K, committed 28080K, reserved 1073152K
  class space    used 3316K, capacity 3518K, committed 3584K, reserved 1048576K
}
Event: 5.849 GC heap before
{Heap before GC invocations=19 (full 8):
 garbage-first heap   total 204800K, used 119198K [0x0000000401000000, 0x0000000800000000)
  region size 4096K, 16 young (65536K), 0 survivors (0K)
 Metaspace       used 41432K, capacity 42045K, committed 42288K, reserved 1085440K
  class space    used 5172K, capacity 5412K, committed 5504K, reserved 1048576K
}
Event: 5.851 GC heap after
{Heap after GC invocations=20 (full 8):
 garbage-first heap   total 204800K, used 56966K [0x0000000401000000, 0x0000000800000000)
  region size 4096K, 1 young (4096K), 1 survivors (4096K)
 Metaspace       used 41432K, capacity 42045K, committed 42288K, reserved 1085440K
  class space    used 5172K, capacity 5412K, committed 5504K, reserved 1048576K
}
Event: 5.894 GC heap before
{Heap before GC invocations=20 (full 8):
 garbage-first heap   total 204800K, used 56966K [0x0000000401000000, 0x0000000800000000)
  region size 4096K, 2 young (8192K), 1 survivors (4096K)
 Metaspace       used 41973K, capacity 42557K, committed 42800K, reserved 1087488K
  class space    used 5179K, capacity 5412K, committed 5504K, reserved 1048576K
}
Event: 5.931 GC heap after
{Heap after GC invocations=21 (full 9):
 garbage-first heap   total 204800K, used 57084K [0x0000000401000000, 0x0000000800000000)
  region size 4096K, 0 young (0K), 0 survivors (0K)
 Metaspace       used 41973K, capacity 42557K, committed 42800K, reserved 1087488K
  class space    used 5179K, capacity 5412K, committed 5504K, reserved 1048576K
}

