# JRE version: OpenJDK Runtime Environment Temurin-11.0.13+8 (11.0.13+8) (build 11.0.13+8)
# Java VM: OpenJDK 64-Bit Server VM Temurin-11.0.13+8 (11.0.13+8, mixed mode, tiered, compressed oops, g1 gc, windows-amd64)
Heap:
 garbage-first heap   total 450560K, used 302391K [0x0000000401000000, 0x0000000800000000)
  region size 4096K, 46 young (188416K), 2 survivors (8192K)
 Metaspace       used 102068K, capacity 103837K, committed 103984K, reserved 1142784K
  class space    used 10605K, capacity 11277K, committed 11392K, reserved 1048576K
GC Heap History (20 events):
Event: 55.217 GC heap before
{Heap before GC invocations=120 (full 26):
 garbage-first heap   total 466944K, used 388504K [0x0000000401000000, 0x0000000800000000)
  region size 4096K, 64 young (262144K), 1 survivors (4096K)
 Metaspace       used 96906K, capacity 98507K, committed 98608K, reserved 1136640K
  class space    used 10018K, capacity 10606K, committed 10624K, reserved 1048576K
}
Event: 55.219 GC heap after
{Heap after GC invocations=121 (full 26):
 garbage-first heap   total 466944K, used 130941K [0x0000000401000000, 0x0000000800000000)
  region size 4096K, 1 young (4096K), 1 survivors (4096K)
 Metaspace       used 96906K, capacity 98507K, committed 98608K, reserved 1136640K
  class space    used 10018K, capacity 10606K, committed 10624K, reserved 1048576K
}
Event: 56.001 GC heap before
{Heap before GC invocations=121 (full 26):
 garbage-first heap   total 466944K, used 388989K [0x0000000401000000, 0x0000000800000000)
  region size 4096K, 64 young (262144K), 1 survivors (4096K)
 Metaspace       used 100073K, capacity 101785K, committed 101936K, reserved 1140736K
  class space    used 10393K, capacity 11016K, committed 11136K, reserved 1048576K
}
Event: 56.006 GC heap after
{Heap after GC invocations=122 (full 26):
 garbage-first heap   total 466944K, used 131944K [0x0000000401000000, 0x0000000800000000)
  region size 4096K, 2 young (8192K), 2 survivors (8192K)
 Metaspace       used 100073K, capacity 101785K, committed 101936K, reserved 1140736K
  class space    used 10393K, capacity 11016K, committed 11136K, reserved 1048576K
}
Event: 56.059 GC heap before
{Heap before GC invocations=122 (full 26):
 garbage-first heap   total 466944K, used 156520K [0x0000000401000000, 0x0000000800000000)
  region size 4096K, 9 young (36864K), 2 survivors (8192K)
 Metaspace       used 100073K, capacity 101785K, committed 101936K, reserved 1140736K
  class space    used 10393K, capacity 11016K, committed 11136K, reserved 1048576K
}
Event: 56.145 GC heap after
{Heap after GC invocations=123 (full 27):
 garbage-first heap   total 466944K, used 124606K [0x0000000401000000, 0x0000000800000000)
  region size 4096K, 0 young (0K), 0 survivors (0K)
 Metaspace       used 100073K, capacity 101785K, committed 101936K, reserved 1140736K
  class space    used 10393K, capacity 11016K, committed 11136K, reserved 1048576K
}
Event: 56.912 GC heap before
{Heap before GC invocations=123 (full 27):
 garbage-first heap   total 466944K, used 382654K [0x0000000401000000, 0x0000000800000000)
  region size 4096K, 63 young (258048K), 0 survivors (0K)
 Metaspace       used 100204K, capacity 101918K, committed 102192K, reserved 1140736K
  class space    used 10405K, capacity 11034K, committed 11136K, reserved 1048576K
}
Event: 56.914 GC heap after
{Heap after GC invocations=124 (full 27):
 garbage-first heap   total 466944K, used 126617K [0x0000000401000000, 0x0000000800000000)
  region size 4096K, 1 young (4096K), 1 survivors (4096K)
 Metaspace       used 100204K, capacity 101918K, committed 102192K, reserved 1140736K
  class space    used 10405K, capacity 11034K, committed 11136K, reserved 1048576K
}
Event: 57.809 GC heap before
{Heap before GC invocations=124 (full 27):
 garbage-first heap   total 466944K, used 384665K [0x0000000401000000, 0x0000000800000000)
  region size 4096K, 64 young (262144K), 1 survivors (4096K)
 Metaspace       used 100487K, capacity 102246K, committed 102448K, reserved 1140736K
  class space    used 10446K, capacity 11099K, committed 11136K, reserved 1048576K
}
Event: 57.811 GC heap after
{Heap after GC invocations=125 (full 27):
 garbage-first heap   total 466944K, used 128039K [0x0000000401000000, 0x0000000800000000)
  region size 4096K, 1 young (4096K), 1 survivors (4096K)
 Metaspace       used 100487K, capacity 102246K, committed 102448K, reserved 1140736K
  class space    used 10446K, capacity 11099K, committed 11136K, reserved 1048576K
}
Event: 58.508 GC heap before
{Heap before GC invocations=125 (full 27):
 garbage-first heap   total 466944K, used 386087K [0x0000000401000000, 0x0000000800000000)
  region size 4096K, 64 young (262144K), 1 survivors (4096K)
 Metaspace       used 100585K, capacity 102331K, committed 102448K, reserved 1140736K
  class space    used 10460K, capacity 11103K, committed 11136K, reserved 1048576K
}
Event: 58.510 GC heap after
{Heap after GC invocations=126 (full 27):
 garbage-first heap   total 466944K, used 129689K [0x0000000401000000, 0x0000000800000000)
  region size 4096K, 2 young (8192K), 2 survivors (8192K)
 Metaspace       used 100585K, capacity 102331K, committed 102448K, reserved 1140736K
  class space    used 10460K, capacity 11103K, committed 11136K, reserved 1048576K
}
Event: 58.551 GC heap before
{Heap before GC invocations=126 (full 27):
 garbage-first heap   total 466944K, used 146073K [0x0000000401000000, 0x0000000800000000)
  region size 4096K, 7 young (28672K), 2 survivors (8192K)
 Metaspace       used 100587K, capacity 102334K, committed 102448K, reserved 1140736K
  class space    used 10460K, capacity 11104K, committed 11136K, reserved 1048576K
}
Event: 58.635 GC heap after
{Heap after GC invocations=127 (full 28):
 garbage-first heap   total 450560K, used 121864K [0x0000000401000000, 0x0000000800000000)
  region size 4096K, 0 young (0K), 0 survivors (0K)
 Metaspace       used 100587K, capacity 102334K, committed 102448K, reserved 1140736K
  class space    used 10460K, capacity 11104K, committed 11136K, reserved 1048576K
}
Event: 59.132 GC heap before
{Heap before GC invocations=127 (full 28):
 garbage-first heap   total 450560K, used 379912K [0x0000000401000000, 0x0000000800000000)
  region size 4096K, 63 young (258048K), 0 survivors (0K)
 Metaspace       used 100596K, capacity 102334K, committed 102448K, reserved 1140736K
  class space    used 10460K, capacity 11104K, committed 11136K, reserved 1048576K
}
Event: 59.133 GC heap after
{Heap after GC invocations=128 (full 28):
 garbage-first heap   total 450560K, used 123358K [0x0000000401000000, 0x0000000800000000)
  region size 4096K, 1 young (4096K), 1 survivors (4096K)
 Metaspace       used 100596K, capacity 102334K, committed 102448K, reserved 1140736K
  class space    used 10460K, capacity 11104K, committed 11136K, reserved 1048576K
}
Event: 59.571 GC heap before
{Heap before GC invocations=128 (full 28):
 garbage-first heap   total 450560K, used 377310K [0x0000000401000000, 0x0000000800000000)
  region size 4096K, 63 young (258048K), 1 survivors (4096K)
 Metaspace       used 100630K, capacity 102399K, committed 102448K, reserved 1140736K
  class space    used 10460K, capacity 11104K, committed 11136K, reserved 1048576K
}
Event: 59.572 GC heap after
{Heap after GC invocations=129 (full 28):
 garbage-first heap   total 450560K, used 123880K [0x0000000401000000, 0x0000000800000000)
  region size 4096K, 1 young (4096K), 1 survivors (4096K)
 Metaspace       used 100630K, capacity 102399K, committed 102448K, reserved 1140736K
  class space    used 10460K, capacity 11104K, committed 11136K, reserved 1048576K
}
Event: 60.119 GC heap before
{Heap before GC invocations=129 (full 28):
 garbage-first heap   total 450560K, used 377832K [0x0000000401000000, 0x0000000800000000)
  region size 4096K, 63 young (258048K), 1 survivors (4096K)
 Metaspace       used 101541K, capacity 103307K, committed 103600K, reserved 1142784K
  class space    used 10531K, capacity 11190K, committed 11264K, reserved 1048576K
}
Event: 60.122 GC heap after
{Heap after GC invocations=130 (full 28):
 garbage-first heap   total 450560K, used 126263K [0x0000000401000000, 0x0000000800000000)
  region size 4096K, 2 young (8192K), 2 survivors (8192K)
 Metaspace       used 101541K, capacity 103307K, committed 103600K, reserved 1142784K
  class space    used 10531K, capacity 11190K, committed 11264K, reserved 1048576K
}

