# JRE version: OpenJDK Runtime Environment Temurin-11.0.13+8 (11.0.13+8) (build 11.0.13+8)
# Java VM: OpenJDK 64-Bit Server VM Temurin-11.0.13+8 (11.0.13+8, mixed mode, tiered, compressed oops, g1 gc, windows-amd64)
Heap:
 garbage-first heap   total 450560K, used 130646K [0x0000000401000000, 0x0000000800000000)
  region size 4096K, 3 young (12288K), 1 survivors (4096K)
 Metaspace       used 97784K, capacity 99496K, committed 99632K, reserved 1138688K
  class space    used 10173K, capacity 10803K, committed 10880K, reserved 1048576K
GC Heap History (20 events):
Event: 96.493 GC heap before
{Heap before GC invocations=101 (full 32):
 garbage-first heap   total 450560K, used 378698K [0x0000000401000000, 0x0000000800000000)
  region size 4096K, 64 young (262144K), 2 survivors (8192K)
 Metaspace       used 96768K, capacity 98325K, committed 98352K, reserved 1136640K
  class space    used 10018K, capacity 10606K, committed 10624K, reserved 1048576K
}
Event: 96.494 GC heap after
{Heap after GC invocations=102 (full 32):
 garbage-first heap   total 450560K, used 124805K [0x0000000401000000, 0x0000000800000000)
  region size 4096K, 2 young (8192K), 2 survivors (8192K)
 Metaspace       used 96768K, capacity 98325K, committed 98352K, reserved 1136640K
  class space    used 10018K, capacity 10606K, committed 10624K, reserved 1048576K
}
Event: 96.911 GC heap before
{Heap before GC invocations=102 (full 32):
 garbage-first heap   total 450560K, used 378757K [0x0000000401000000, 0x0000000800000000)
  region size 4096K, 64 young (262144K), 2 survivors (8192K)
 Metaspace       used 96775K, capacity 98326K, committed 98352K, reserved 1136640K
  class space    used 10018K, capacity 10606K, committed 10624K, reserved 1048576K
}
Event: 96.912 GC heap after
{Heap after GC invocations=103 (full 32):
 garbage-first heap   total 450560K, used 125064K [0x0000000401000000, 0x0000000800000000)
  region size 4096K, 2 young (8192K), 2 survivors (8192K)
 Metaspace       used 96775K, capacity 98326K, committed 98352K, reserved 1136640K
  class space    used 10018K, capacity 10606K, committed 10624K, reserved 1048576K
}
Event: 97.318 GC heap before
{Heap before GC invocations=103 (full 32):
 garbage-first heap   total 450560K, used 379016K [0x0000000401000000, 0x0000000800000000)
  region size 4096K, 64 young (262144K), 2 survivors (8192K)
 Metaspace       used 96779K, capacity 98327K, committed 98352K, reserved 1136640K
  class space    used 10018K, capacity 10606K, committed 10624K, reserved 1048576K
}
Event: 97.320 GC heap after
{Heap after GC invocations=104 (full 32):
 garbage-first heap   total 450560K, used 125509K [0x0000000401000000, 0x0000000800000000)
  region size 4096K, 2 young (8192K), 2 survivors (8192K)
 Metaspace       used 96779K, capacity 98327K, committed 98352K, reserved 1136640K
  class space    used 10018K, capacity 10606K, committed 10624K, reserved 1048576K
}
Event: 97.707 GC heap before
{Heap before GC invocations=104 (full 32):
 garbage-first heap   total 450560K, used 379461K [0x0000000401000000, 0x0000000800000000)
  region size 4096K, 64 young (262144K), 2 survivors (8192K)
 Metaspace       used 96784K, capacity 98327K, committed 98352K, reserved 1136640K
  class space    used 10018K, capacity 10606K, committed 10624K, reserved 1048576K
}
Event: 97.709 GC heap after
{Heap after GC invocations=105 (full 32):
 garbage-first heap   total 450560K, used 125205K [0x0000000401000000, 0x0000000800000000)
  region size 4096K, 2 young (8192K), 2 survivors (8192K)
 Metaspace       used 96784K, capacity 98327K, committed 98352K, reserved 1136640K
  class space    used 10018K, capacity 10606K, committed 10624K, reserved 1048576K
}
Event: 98.124 GC heap before
{Heap before GC invocations=105 (full 32):
 garbage-first heap   total 450560K, used 379157K [0x0000000401000000, 0x0000000800000000)
  region size 4096K, 64 young (262144K), 2 survivors (8192K)
 Metaspace       used 96786K, capacity 98327K, committed 98352K, reserved 1136640K
  class space    used 10018K, capacity 10606K, committed 10624K, reserved 1048576K
}
Event: 98.126 GC heap after
{Heap after GC invocations=106 (full 32):
 garbage-first heap   total 450560K, used 125478K [0x0000000401000000, 0x0000000800000000)
  region size 4096K, 2 young (8192K), 2 survivors (8192K)
 Metaspace       used 96786K, capacity 98327K, committed 98352K, reserved 1136640K
  class space    used 10018K, capacity 10606K, committed 10624K, reserved 1048576K
}
Event: 98.497 GC heap before
{Heap before GC invocations=106 (full 32):
 garbage-first heap   total 450560K, used 379430K [0x0000000401000000, 0x0000000800000000)
  region size 4096K, 64 young (262144K), 2 survivors (8192K)
 Metaspace       used 96786K, capacity 98327K, committed 98352K, reserved 1136640K
  class space    used 10018K, capacity 10606K, committed 10624K, reserved 1048576K
}
Event: 98.499 GC heap after
{Heap after GC invocations=107 (full 32):
 garbage-first heap   total 450560K, used 125669K [0x0000000401000000, 0x0000000800000000)
  region size 4096K, 2 young (8192K), 2 survivors (8192K)
 Metaspace       used 96786K, capacity 98327K, committed 98352K, reserved 1136640K
  class space    used 10018K, capacity 10606K, committed 10624K, reserved 1048576K
}
Event: 98.880 GC heap before
{Heap before GC invocations=107 (full 32):
 garbage-first heap   total 450560K, used 379621K [0x0000000401000000, 0x0000000800000000)
  region size 4096K, 64 young (262144K), 2 survivors (8192K)
 Metaspace       used 96786K, capacity 98327K, committed 98352K, reserved 1136640K
  class space    used 10018K, capacity 10606K, committed 10624K, reserved 1048576K
}
Event: 98.882 GC heap after
{Heap after GC invocations=108 (full 32):
 garbage-first heap   total 450560K, used 125610K [0x0000000401000000, 0x0000000800000000)
  region size 4096K, 2 young (8192K), 2 survivors (8192K)
 Metaspace       used 96786K, capacity 98327K, committed 98352K, reserved 1136640K
  class space    used 10018K, capacity 10606K, committed 10624K, reserved 1048576K
}
Event: 99.271 GC heap before
{Heap before GC invocations=108 (full 32):
 garbage-first heap   total 450560K, used 375466K [0x0000000401000000, 0x0000000800000000)
  region size 4096K, 63 young (258048K), 2 survivors (8192K)
 Metaspace       used 96792K, capacity 98329K, committed 98352K, reserved 1136640K
  class space    used 10018K, capacity 10606K, committed 10624K, reserved 1048576K
}
Event: 99.273 GC heap after
{Heap after GC invocations=109 (full 32):
 garbage-first heap   total 450560K, used 125965K [0x0000000401000000, 0x0000000800000000)
  region size 4096K, 1 young (4096K), 1 survivors (4096K)
 Metaspace       used 96792K, capacity 98329K, committed 98352K, reserved 1136640K
  class space    used 10018K, capacity 10606K, committed 10624K, reserved 1048576K
}
Event: 99.680 GC heap before
{Heap before GC invocations=109 (full 32):
 garbage-first heap   total 450560K, used 379917K [0x0000000401000000, 0x0000000800000000)
  region size 4096K, 63 young (258048K), 1 survivors (4096K)
 Metaspace       used 96799K, capacity 98329K, committed 98352K, reserved 1136640K
  class space    used 10018K, capacity 10606K, committed 10624K, reserved 1048576K
}
Event: 99.681 GC heap after
{Heap after GC invocations=110 (full 32):
 garbage-first heap   total 450560K, used 126246K [0x0000000401000000, 0x0000000800000000)
  region size 4096K, 1 young (4096K), 1 survivors (4096K)
 Metaspace       used 96799K, capacity 98329K, committed 98352K, reserved 1136640K
  class space    used 10018K, capacity 10606K, committed 10624K, reserved 1048576K
}
Event: 100.067 GC heap before
{Heap before GC invocations=110 (full 32):
 garbage-first heap   total 450560K, used 380198K [0x0000000401000000, 0x0000000800000000)
  region size 4096K, 63 young (258048K), 1 survivors (4096K)
 Metaspace       used 96814K, capacity 98394K, committed 98608K, reserved 1136640K
  class space    used 10019K, capacity 10606K, committed 10624K, reserved 1048576K
}
Event: 100.069 GC heap after
{Heap after GC invocations=111 (full 32):
 garbage-first heap   total 450560K, used 126550K [0x0000000401000000, 0x0000000800000000)
  region size 4096K, 1 young (4096K), 1 survivors (4096K)
 Metaspace       used 96814K, capacity 98394K, committed 98608K, reserved 1136640K
  class space    used 10019K, capacity 10606K, committed 10624K, reserved 1048576K
}

